{"/Users/cwklausing/Dev/boilerplate-react/scripts/components/ClientApp.jsx": {"path":"/Users/cwklausing/Dev/boilerplate-react/scripts/components/ClientApp.jsx","statementMap":{"0":{"start":{"line":4,"column":20},"end":{"line":6,"column":1}},"1":{"start":{"line":5,"column":2},"end":{"line":5,"column":42}}},"fnMap":{"0":{"name":"(anonymous_0)","decl":{"start":{"line":4,"column":20},"end":{"line":4,"column":21}},"loc":{"start":{"line":4,"column":26},"end":{"line":6,"column":1}},"line":4}},"branchMap":{},"s":{"0":1,"1":1},"f":{"0":1},"b":{},"_coverageSchema":"332fd63041d2c1bcb487cc26dd0d5f7d97098a6c","hash":"528b1cb6c069db1180d62e20ab5b0fba2e3f8863"}
}
